[0.011s] Invoking command in '/home/st/ecat_motion_ws/build/ecat_motion': CMAKE_PREFIX_PATH=${CMAKE_PREFIX_PATH}:/opt/ros/humble /usr/bin/cmake --build /home/st/ecat_motion_ws/build/ecat_motion -- -j12 -l12
[0.052s] [35m[1mConsolidate compiler generated dependencies of target node_motor_controller[0m
[0.076s] [ 25%] [32mBuilding CXX object CMakeFiles/node_motor_controller.dir/src/motor_controller.cpp.o[0m
[0.076s] [ 50%] [32mBuilding CXX object CMakeFiles/node_motor_controller.dir/src/zy_motor_controller.cpp.o[0m
[2.362s] [01m[K/home/st/ecat_motion_ws/src/motor_control_test/src/zy_motor_controller.cpp:[m[K In constructor ‚Äò[01m[Kzy_motor_controller::zy_motor_controller(int16_t, int16_t, std::string, OptionParam, rclcpp::NodeOptions)[m[K‚Äô:
[2.362s] [01m[K/home/st/ecat_motion_ws/src/motor_control_test/src/zy_motor_controller.cpp:17:36:[m[K [01;35m[Kwarning: [m[KNULL used in arithmetic [[01;35m[K]8;;https://gcc.gnu.org/onlinedocs/gcc/Warning-Options.html#index-Wpointer-arith-Wpointer-arith]8;;[m[K]
[2.362s]    17 |         vel_max = (option.vel_max!=[01;35m[KNULL[m[K) ? option.vel_max : vel_max;   //ÊúÄÂ§ßÈÄüÂ∫¶
[2.362s]       |                                    [01;35m[K^~~~[m[K
[2.362s] [01m[K/home/st/ecat_motion_ws/src/motor_control_test/src/zy_motor_controller.cpp:18:36:[m[K [01;35m[Kwarning: [m[KNULL used in arithmetic [[01;35m[K]8;;https://gcc.gnu.org/onlinedocs/gcc/Warning-Options.html#index-Wpointer-arith-Wpointer-arith]8;;[m[K]
[2.363s]    18 |         acc_max = (option.acc_max!=[01;35m[KNULL[m[K) ? option.acc_max : acc_max;   //ÊúÄÂ§ßÂä†ÈÄüÂ∫¶ mm/s^2 Áî®Á∫øÈÄüÂ∫¶Ë°®Á§∫
[2.363s]       |                                    [01;35m[K^~~~[m[K
[2.363s] [01m[K/home/st/ecat_motion_ws/src/motor_control_test/src/zy_motor_controller.cpp:19:46:[m[K [01;35m[Kwarning: [m[KNULL used in arithmetic [[01;35m[K]8;;https://gcc.gnu.org/onlinedocs/gcc/Warning-Options.html#index-Wpointer-arith-Wpointer-arith]8;;[m[K]
[2.363s]    19 |         jert_acc_max = (option.jert_acc_max!=[01;35m[KNULL[m[K) ? option.jert_acc_max : jert_acc_max;  //ÊúÄÂ§ßÂä†Âä†ÈÄüÊàñÂáèÂä†ÈÄü  mm/s^3
[2.363s]       |                                              [01;35m[K^~~~[m[K
[2.363s] [01m[K/home/st/ecat_motion_ws/src/motor_control_test/src/zy_motor_controller.cpp:20:36:[m[K [01;35m[Kwarning: [m[KNULL used in arithmetic [[01;35m[K]8;;https://gcc.gnu.org/onlinedocs/gcc/Warning-Options.html#index-Wpointer-arith-Wpointer-arith]8;;[m[K]
[2.363s]    20 |         dcc_max = (option.dcc_max!=[01;35m[KNULL[m[K) ? option.dcc_max : dcc_max;   //ÊúÄÂ§ßÂáèÈÄüÂ∫¶ mm/s^2  Áî®Á∫øÈÄüÂ∫¶Ë°®Á§∫
[2.363s]       |                                    [01;35m[K^~~~[m[K
[2.363s] [01m[K/home/st/ecat_motion_ws/src/motor_control_test/src/zy_motor_controller.cpp:21:46:[m[K [01;35m[Kwarning: [m[KNULL used in arithmetic [[01;35m[K]8;;https://gcc.gnu.org/onlinedocs/gcc/Warning-Options.html#index-Wpointer-arith-Wpointer-arith]8;;[m[K]
[2.363s]    21 |         jert_dcc_max = (option.jert_dcc_max!=[01;35m[KNULL[m[K) ? option.jert_dcc_max : jert_dcc_max;  //ÊúÄÂ§ßÂáèÂáèÈÄüÊàñÂä†ÂáèÈÄü mm/s^3
[2.363s]       |                                              [01;35m[K^~~~[m[K
[2.363s] [01m[K/home/st/ecat_motion_ws/src/motor_control_test/src/zy_motor_controller.cpp:22:56:[m[K [01;35m[Kwarning: [m[KNULL used in arithmetic [[01;35m[K]8;;https://gcc.gnu.org/onlinedocs/gcc/Warning-Options.html#index-Wpointer-arith-Wpointer-arith]8;;[m[K]
[2.363s]    22 |         followError_speed = (option.followError_speed!=[01;35m[KNULL[m[K) ? option.followError_speed : followError_speed; //Ë∑üÈöèËØØÂ∑Æ
[2.363s]       |                                                        [01;35m[K^~~~[m[K
[2.363s] [01m[K/home/st/ecat_motion_ws/src/motor_control_test/src/zy_motor_controller.cpp:23:40:[m[K [01;35m[Kwarning: [m[KNULL used in arithmetic [[01;35m[K]8;;https://gcc.gnu.org/onlinedocs/gcc/Warning-Options.html#index-Wpointer-arith-Wpointer-arith]8;;[m[K]
[2.363s]    23 |         sync_time = (option.sync_time!=[01;35m[KNULL[m[K) ? option.sync_time : sync_time;                   //ÂêåÊ≠•Âë®ÊúüÊó∂Èó¥ Âçï‰Ωç Áßís
[2.363s]       |                                        [01;35m[K^~~~[m[K
[2.367s] [01m[K/home/st/ecat_motion_ws/src/motor_control_test/src/zy_motor_controller.cpp:[m[K In member function ‚Äò[01m[Kint zy_motor_controller::sync_control()[m[K‚Äô:
[2.367s] [01m[K/home/st/ecat_motion_ws/src/motor_control_test/src/zy_motor_controller.cpp:333:27:[m[K [01;35m[Kwarning: [m[Kunused variable ‚Äò[01m[Kvel_pre[m[K‚Äô [[01;35m[K]8;;https://gcc.gnu.org/onlinedocs/gcc/Warning-Options.html#index-Wunused-variable-Wunused-variable]8;;[m[K]
[2.367s]   333 |                     float [01;35m[Kvel_pre[m[K = 0.0f;  //ÈÄüÂ∫¶È¢ÑËÆ°ÁÆóÂÄº
[2.367s]       |                           [01;35m[K^~~~~~~[m[K
[2.372s] [01m[K/home/st/ecat_motion_ws/src/motor_control_test/src/motor_controller.cpp:85:62:[m[K [01;31m[Kerror: [m[Kdeclaration of ‚Äò[01m[Kvel_out[m[K‚Äô as array of references
[2.372s]    85 | int motor_controller::vel_s_curve(float vel_current[],float &[01;31m[Kvel_out[m[K[])
[2.372s]       |                                                              [01;31m[K^~~~~~~[m[K
[2.372s] [01m[K/home/st/ecat_motion_ws/src/motor_control_test/src/motor_controller.cpp:85:5:[m[K [01;31m[Kerror: [m[Kno declaration matches ‚Äò[01m[Kint motor_controller::vel_s_curve(...)[m[K‚Äô
[2.372s]    85 | int [01;31m[Kmotor_controller[m[K::vel_s_curve(float vel_current[],float &vel_out[])
[2.372s]       |     [01;31m[K^~~~~~~~~~~~~~~~[m[K
[2.372s] In file included from [01m[K/home/st/ecat_motion_ws/src/motor_control_test/src/motor_controller.cpp:1[m[K:
[2.372s] [01m[K/home/st/ecat_motion_ws/src/motor_control_test/include/motor_controller.h:51:9:[m[K [01;36m[Knote: [m[Kcandidate is: ‚Äò[01m[Kint motor_controller::vel_s_curve(float*, float*)[m[K‚Äô
[2.372s]    51 |     int [01;36m[Kvel_s_curve[m[K(float vel_current[],float vel_out[]);
[2.372s]       |         [01;36m[K^~~~~~~~~~~[m[K
[2.372s] [01m[K/home/st/ecat_motion_ws/src/motor_control_test/include/motor_controller.h:21:7:[m[K [01;36m[Knote: [m[K‚Äò[01m[Kclass motor_controller[m[K‚Äô defined here
[2.373s]    21 | class [01;36m[Kmotor_controller[m[K : public rclcpp::Node
[2.373s]       |       [01;36m[K^~~~~~~~~~~~~~~~[m[K
[2.741s] gmake[2]: *** [CMakeFiles/node_motor_controller.dir/build.make:104: CMakeFiles/node_motor_controller.dir/src/motor_controller.cpp.o] Error 1
[2.741s] gmake[2]: *** Waiting for unfinished jobs....
[3.007s] In file included from [01m[K/home/st/ecat_motion_ws/src/motor_control_test/src/zy_motor_controller.cpp:1[m[K:
[3.007s] [01m[K/home/st/ecat_motion_ws/src/motor_control_test/include/zy_motor_controller.h:[m[K At global scope:
[3.007s] [01m[K/home/st/ecat_motion_ws/src/motor_control_test/include/zy_motor_controller.h:45:12:[m[K [01;35m[Kwarning: [m[K‚Äò[01m[Kg_run_task[m[K‚Äô defined but not used [[01;35m[K]8;;https://gcc.gnu.org/onlinedocs/gcc/Warning-Options.html#index-Wunused-variable-Wunused-variable]8;;[m[K]
[3.007s]    45 | static U32 [01;35m[Kg_run_task[m[K = 1;
[3.007s]       |            [01;35m[K^~~~~~~~~~[m[K
[3.276s] gmake[1]: *** [CMakeFiles/Makefile2:137: CMakeFiles/node_motor_controller.dir/all] Error 2
[3.276s] gmake: *** [Makefile:146: all] Error 2
[3.278s] Invoked command in '/home/st/ecat_motion_ws/build/ecat_motion' returned '2': CMAKE_PREFIX_PATH=${CMAKE_PREFIX_PATH}:/opt/ros/humble /usr/bin/cmake --build /home/st/ecat_motion_ws/build/ecat_motion -- -j12 -l12
